Build started 7/27/2013 2:26:18 PM.
     1>Project "C:\Users\DAVID\Documents\AMHS\2012 - 2013\AP Computer Science\AGameWithGod\AGameWithGod\AGameWithGod.vcxproj" on node 2 (Build target(s)).
     1>ClCompile:
         C:\Program Files (x86)\Microsoft Visual Studio 11.0\VC\bin\x86_amd64\CL.exe /c /Zi /nologo /W3 /WX- /Od /D _MBCS /Gm /EHsc /RTC1 /MDd /GS /fp:precise /Zc:wchar_t /Zc:forScope /Fo"x64\Debug\\" /Fd"x64\Debug\vc110.pdb" /Gd /TP /errorReport:prompt Actor.cpp Main.cpp Terrain.cpp
         Terrain.cpp
     1>c:\users\david\documents\amhs\2012 - 2013\ap computer science\agamewithgod\agamewithgod\PerlinTexture.h(26): warning C4244: 'return' : conversion from 'double' to 'int', possible loss of data
     1>Terrain.cpp(20): warning C4244: '=' : conversion from 'int' to 'GLfloat', possible loss of data
     1>Terrain.cpp(22): warning C4244: '=' : conversion from 'int' to 'GLfloat', possible loss of data
     1>Terrain.cpp(90): warning C4101: 'blendFactor' : unreferenced local variable
     1>Terrain.cpp(128): warning C4244: 'initializing' : conversion from 'double' to 'float', possible loss of data
     1>Terrain.cpp(129): warning C4244: 'initializing' : conversion from 'double' to 'float', possible loss of data
     1>Terrain.cpp(130): warning C4244: 'initializing' : conversion from 'float' to 'int', possible loss of data
     1>Terrain.cpp(131): warning C4244: 'initializing' : conversion from 'float' to 'int', possible loss of data
         Main.cpp
     1>c:\users\david\documents\amhs\2012 - 2013\ap computer science\agamewithgod\agamewithgod\PerlinTexture.h(26): warning C4244: 'return' : conversion from 'double' to 'int', possible loss of data
     1>Main.cpp(75): warning C4305: 'argument' : truncation from 'double' to 'GLclampf'
     1>Main.cpp(87): warning C4305: '=' : truncation from 'double' to 'GLfloat'
     1>Main.cpp(132): warning C4244: 'argument' : conversion from 'int' to 'float', possible loss of data
     1>Main.cpp(151): warning C4305: 'argument' : truncation from 'double' to 'float'
     1>Main.cpp(289): warning C4244: 'return' : conversion from 'WPARAM' to 'int', possible loss of data
     1>Main.cpp(479): warning C4060: switch statement contains no 'case' or 'default' labels
     1>Main.cpp(493): warning C4244: 'argument' : conversion from 'WPARAM' to 'int', possible loss of data
     1>Main.cpp(498): warning C4244: 'argument' : conversion from 'WPARAM' to 'int', possible loss of data
         Actor.cpp
         Generating Code...
       Link:
         C:\Program Files (x86)\Microsoft Visual Studio 11.0\VC\bin\x86_amd64\link.exe /ERRORREPORT:PROMPT /OUT:"C:\Users\DAVID\Documents\AMHS\2012 - 2013\AP Computer Science\AGameWithGod\x64\Debug\AGameWithGod.exe" /INCREMENTAL /NOLOGO assimp.lib glew32.lib opengl32.lib glu32.lib kernel32.lib user32.lib gdi32.lib winspool.lib comdlg32.lib advapi32.lib shell32.lib ole32.lib oleaut32.lib uuid.lib odbc32.lib odbccp32.lib kernel32.lib user32.lib gdi32.lib winspool.lib comdlg32.lib advapi32.lib shell32.lib ole32.lib oleaut32.lib uuid.lib odbc32.lib odbccp32.lib /MANIFEST /MANIFESTUAC:"level='asInvoker' uiAccess='false'" /manifest:embed /DEBUG /PDB:"C:\Users\DAVID\Documents\AMHS\2012 - 2013\AP Computer Science\AGameWithGod\x64\Debug\AGameWithGod.pdb" /TLBID:1 /DYNAMICBASE /NXCOMPAT /IMPLIB:"C:\Users\DAVID\Documents\AMHS\2012 - 2013\AP Computer Science\AGameWithGod\x64\Debug\AGameWithGod.lib" /MACHINE:X64 x64\Debug\AGameWithGod.res
         x64\Debug\Actor.obj
         x64\Debug\Battle.obj
         x64\Debug\BattleActor.obj
         x64\Debug\Camera.obj
         x64\Debug\Globals.obj
         x64\Debug\Input.obj
         x64\Debug\Light.obj
         x64\Debug\Main.obj
         x64\Debug\Matrix.obj
         x64\Debug\Mesh.obj
         x64\Debug\Mouse.obj
         x64\Debug\PerlinTexture.obj
         x64\Debug\Player.obj
         x64\Debug\Shader.obj
         x64\Debug\Shaders.obj
         x64\Debug\SplashScreen.obj
         "x64\Debug\stb_image-1.16.obj"
         x64\Debug\Temple.obj
         x64\Debug\Terrain.obj
         x64\Debug\Texture.obj
         x64\Debug\TextureLoader.obj
         x64\Debug\Transform.obj
         x64\Debug\Tree.obj
         x64\Debug\Vector3.obj
         AGameWithGod.vcxproj -> C:\Users\DAVID\Documents\AMHS\2012 - 2013\AP Computer Science\AGameWithGod\x64\Debug\AGameWithGod.exe
     1>Done Building Project "C:\Users\DAVID\Documents\AMHS\2012 - 2013\AP Computer Science\AGameWithGod\AGameWithGod\AGameWithGod.vcxproj" (Build target(s)).

Build succeeded.

Time Elapsed 00:00:13.85
